<?xml version="1.0" encoding="UTF-8"?>
<!-- Generated by org.testng.reporters.JUnitReportReporter -->
<testsuite skipped="0" hostname="Lenovo" name="org.cts.Groups" tests="2" failures="0" timestamp="9 Apr 2021 07:32:12 GMT" time="0.063" errors="0">
  <testcase name="tc0" time="0.047" classname="org.cts.Groups"/>
  <testcase name="tc3" time="0.016" classname="org.cts.Groups"/>
</testsuite> <!-- org.cts.Groups -->
